2019-01-09 18:15:55.039  INFO 83682 --- [main] c.s.f.FlightReservationApplication       : Starting FlightReservationApplication on Sindhus-MacBook-Pro.local with PID 83682 (/Users/sindhukatta/Documents/workspace-spring-tool-suite-4-4.0.0.RELEASE/flightReservation/target/classes started by sindhukatta in /Users/sindhukatta/Documents/workspace-spring-tool-suite-4-4.0.0.RELEASE/flightReservation)
2019-01-09 18:15:55.041  INFO 83682 --- [main] c.s.f.FlightReservationApplication       : No active profile set, falling back to default profiles: default
2019-01-09 18:15:55.402  INFO 83682 --- [main] .s.d.r.c.RepositoryConfigurationDelegate : Bootstrapping Spring Data repositories in DEFAULT mode.
2019-01-09 18:15:55.444  INFO 83682 --- [main] .s.d.r.c.RepositoryConfigurationDelegate : Finished Spring Data repository scanning in 39ms. Found 4 repository interfaces.
2019-01-09 18:15:55.637  INFO 83682 --- [main] trationDelegate$BeanPostProcessorChecker : Bean 'org.springframework.transaction.annotation.ProxyTransactionManagementConfiguration' of type [org.springframework.transaction.annotation.ProxyTransactionManagementConfiguration$$EnhancerBySpringCGLIB$$5b1ee4d4] is not eligible for getting processed by all BeanPostProcessors (for example: not eligible for auto-proxying)
2019-01-09 18:15:55.827  INFO 83682 --- [main] o.s.b.w.embedded.tomcat.TomcatWebServer  : Tomcat initialized with port(s): 8080 (http)
2019-01-09 18:15:55.846  INFO 83682 --- [main] o.apache.catalina.core.StandardService   : Starting service [Tomcat]
2019-01-09 18:15:55.846  INFO 83682 --- [main] org.apache.catalina.core.StandardEngine  : Starting Servlet Engine: Apache Tomcat/9.0.13
2019-01-09 18:15:55.850  INFO 83682 --- [main] o.a.catalina.core.AprLifecycleListener   : The APR based Apache Tomcat Native library which allows optimal performance in production environments was not found on the java.library.path: [/Users/sindhukatta/Library/Java/Extensions:/Library/Java/Extensions:/Network/Library/Java/Extensions:/System/Library/Java/Extensions:/usr/lib/java:.]
2019-01-09 18:15:55.987  INFO 83682 --- [main] org.apache.jasper.servlet.TldScanner     : At least one JAR was scanned for TLDs yet contained no TLDs. Enable debug logging for this logger for a complete list of JARs that were scanned but no TLDs were found in them. Skipping unneeded JARs during scanning can improve startup time and JSP compilation time.
2019-01-09 18:15:55.990  INFO 83682 --- [main] o.a.c.c.C.[.[.[/flightReservation]       : Initializing Spring embedded WebApplicationContext
2019-01-09 18:15:55.990  INFO 83682 --- [main] o.s.web.context.ContextLoader            : Root WebApplicationContext: initialization completed in 926 ms
2019-01-09 18:15:56.080  INFO 83682 --- [main] com.zaxxer.hikari.HikariDataSource       : HikariPool-1 - Starting...
2019-01-09 18:15:56.330  INFO 83682 --- [main] com.zaxxer.hikari.HikariDataSource       : HikariPool-1 - Start completed.
2019-01-09 18:15:56.358  INFO 83682 --- [main] o.hibernate.jpa.internal.util.LogHelper  : HHH000204: Processing PersistenceUnitInfo [
	name: default
	...]
2019-01-09 18:15:56.387  INFO 83682 --- [main] org.hibernate.Version                    : HHH000412: Hibernate Core {5.3.7.Final}
2019-01-09 18:15:56.388  INFO 83682 --- [main] org.hibernate.cfg.Environment            : HHH000206: hibernate.properties not found
2019-01-09 18:15:56.459  INFO 83682 --- [main] o.hibernate.annotations.common.Version   : HCANN000001: Hibernate Commons Annotations {5.0.4.Final}
2019-01-09 18:15:56.538  INFO 83682 --- [main] org.hibernate.dialect.Dialect            : HHH000400: Using dialect: org.hibernate.dialect.MySQL5Dialect
2019-01-09 18:15:56.889  INFO 83682 --- [main] j.LocalContainerEntityManagerFactoryBean : Initialized JPA EntityManagerFactory for persistence unit 'default'
2019-01-09 18:15:57.067  INFO 83682 --- [main] o.h.h.i.QueryTranslatorFactoryInitiator  : HHH000397: Using ASTQueryTranslatorFactory
2019-01-09 18:15:57.304  INFO 83682 --- [main] o.s.s.concurrent.ThreadPoolTaskExecutor  : Initializing ExecutorService 'applicationTaskExecutor'
2019-01-09 18:15:57.327  WARN 83682 --- [main] aWebConfiguration$JpaWebMvcConfiguration : spring.jpa.open-in-view is enabled by default. Therefore, database queries may be performed during view rendering. Explicitly configure spring.jpa.open-in-view to disable this warning
2019-01-09 18:15:57.370  INFO 83682 --- [main] o.s.b.a.w.s.WelcomePageHandlerMapping    : Adding welcome page: ServletContext resource [/index.html]
2019-01-09 18:15:57.475  INFO 83682 --- [main] o.s.b.w.embedded.tomcat.TomcatWebServer  : Tomcat started on port(s): 8080 (http) with context path '/flightReservation'
2019-01-09 18:15:57.477  INFO 83682 --- [main] c.s.f.FlightReservationApplication       : Started FlightReservationApplication in 2.646 seconds (JVM running for 3.209)
2019-01-09 18:16:05.925  INFO 83682 --- [http-nio-8080-exec-1] o.a.c.c.C.[.[.[/flightReservation]       : Initializing Spring DispatcherServlet 'dispatcherServlet'
2019-01-09 18:16:05.925  INFO 83682 --- [http-nio-8080-exec-1] o.s.web.servlet.DispatcherServlet        : Initializing Servlet 'dispatcherServlet'
2019-01-09 18:16:05.930  INFO 83682 --- [http-nio-8080-exec-1] o.s.web.servlet.DispatcherServlet        : Completed initialization in 5 ms
2019-01-09 18:16:05.961  INFO 83682 --- [http-nio-8080-exec-1] c.s.f.Controllers.UserController         : Inside login() and email is: katta.sweety.2301@gmail.com
2019-01-09 18:16:12.531  INFO 83682 --- [http-nio-8080-exec-3] c.s.f.Controllers.FlightController       : Inside findFlights() from:AUS to: NYC Departure Date: Mon Feb 05 00:00:00 CST 2018
2019-01-09 18:16:48.657  INFO 83682 --- [RMI TCP Connection(2)-127.0.0.1] inMXBeanRegistrar$SpringApplicationAdmin : Application shutdown requested.
2019-01-09 18:16:48.659  INFO 83682 --- [RMI TCP Connection(2)-127.0.0.1] o.s.s.concurrent.ThreadPoolTaskExecutor  : Shutting down ExecutorService 'applicationTaskExecutor'
2019-01-09 18:16:48.660  INFO 83682 --- [RMI TCP Connection(2)-127.0.0.1] j.LocalContainerEntityManagerFactoryBean : Closing JPA EntityManagerFactory for persistence unit 'default'
2019-01-09 18:16:48.661  INFO 83682 --- [RMI TCP Connection(2)-127.0.0.1] com.zaxxer.hikari.HikariDataSource       : HikariPool-1 - Shutdown initiated...
2019-01-09 18:16:48.665  INFO 83682 --- [RMI TCP Connection(2)-127.0.0.1] com.zaxxer.hikari.HikariDataSource       : HikariPool-1 - Shutdown completed.
